{"/Users/sebastiangallo/fdu/csci3444/projects/exam_part_2_SebastianGallo/src/common/util/math/myCube.js":{"path":"/Users/sebastiangallo/fdu/csci3444/projects/exam_part_2_SebastianGallo/src/common/util/math/myCube.js","s":{"1":1,"2":1,"3":4,"4":2,"5":2,"6":2,"7":2,"8":4},"b":{"1":[2,2],"2":[2,0]},"f":{"1":4},"fnMap":{"1":{"name":"(anonymous_1)","line":5,"loc":{"start":{"line":5,"column":12},"end":{"line":5,"column":32}}}},"statementMap":{"1":{"start":{"line":1,"column":0},"end":{"line":1,"column":39}},"2":{"start":{"line":3,"column":0},"end":{"line":16,"column":1}},"3":{"start":{"line":8,"column":8},"end":{"line":13,"column":9}},"4":{"start":{"line":9,"column":12},"end":{"line":9,"column":60}},"5":{"start":{"line":10,"column":15},"end":{"line":13,"column":9}},"6":{"start":{"line":11,"column":12},"end":{"line":11,"column":44}},"7":{"start":{"line":12,"column":12},"end":{"line":12,"column":60}},"8":{"start":{"line":14,"column":8},"end":{"line":14,"column":25}}},"branchMap":{"1":{"line":8,"type":"if","locations":[{"start":{"line":8,"column":8},"end":{"line":8,"column":8}},{"start":{"line":8,"column":8},"end":{"line":8,"column":8}}]},"2":{"line":10,"type":"if","locations":[{"start":{"line":10,"column":15},"end":{"line":10,"column":15}},{"start":{"line":10,"column":15},"end":{"line":10,"column":15}}]}}},"/Users/sebastiangallo/fdu/csci3444/projects/exam_part_2_SebastianGallo/src/common/util/math/mySquare.js":{"path":"/Users/sebastiangallo/fdu/csci3444/projects/exam_part_2_SebastianGallo/src/common/util/math/mySquare.js","s":{"1":1,"2":1,"3":4,"4":2,"5":2,"6":2,"7":2,"8":2},"b":{"1":[2,2],"2":[2,0]},"f":{"1":4},"fnMap":{"1":{"name":"(anonymous_1)","line":5,"loc":{"start":{"line":5,"column":14},"end":{"line":5,"column":34}}}},"statementMap":{"1":{"start":{"line":1,"column":0},"end":{"line":1,"column":35}},"2":{"start":{"line":3,"column":0},"end":{"line":17,"column":1}},"3":{"start":{"line":8,"column":8},"end":{"line":13,"column":9}},"4":{"start":{"line":9,"column":12},"end":{"line":9,"column":48}},"5":{"start":{"line":10,"column":15},"end":{"line":13,"column":9}},"6":{"start":{"line":11,"column":12},"end":{"line":11,"column":44}},"7":{"start":{"line":12,"column":12},"end":{"line":12,"column":44}},"8":{"start":{"line":14,"column":8},"end":{"line":14,"column":25}}},"branchMap":{"1":{"line":8,"type":"if","locations":[{"start":{"line":8,"column":8},"end":{"line":8,"column":8}},{"start":{"line":8,"column":8},"end":{"line":8,"column":8}}]},"2":{"line":10,"type":"if","locations":[{"start":{"line":10,"column":15},"end":{"line":10,"column":15}},{"start":{"line":10,"column":15},"end":{"line":10,"column":15}}]}}}}